<?xml version="1.0" encoding="UTF-8"?>
<!-- Generated by org.testng.reporters.JUnitReportReporter -->
<testsuite hostname="GW-DK-031.local" failures="0" tests="1" name="com.gmail.tests.MailTest" time="93.329" errors="0" timestamp="30 May 2018 18:20:59 GMT" skipped="0">
  <testcase classname="com.gmail.tests.MailTest" name="check_mail_scenario" time="93.329"/>
</testsuite> <!-- com.gmail.tests.MailTest -->
